<?xml version="1.0" encoding="UTF-8"?>
<testng-results ignored="0" total="2" passed="2" failed="0" skipped="0">
  <reporter-output>
  </reporter-output>
  <suite started-at="2024-08-07T11:17:15 IST" name="Default suite" finished-at="2024-08-07T11:17:15 IST" duration-ms="58">
    <groups>
    </groups>
    <test started-at="2024-08-07T11:17:15 IST" name="Default test" finished-at="2024-08-07T11:17:15 IST" duration-ms="58">
      <class name="com.M10.tests.CalculatorServiceTest">
        <test-method signature="testAdd()[pri:0, instance:com.M10.tests.CalculatorServiceTest@dbf57b3]" started-at="2024-08-07T11:17:15 IST" name="testAdd" finished-at="2024-08-07T11:17:15 IST" duration-ms="17" status="PASS">
          <reporter-output>
          </reporter-output>
        </test-method> <!-- testAdd -->
        <test-method signature="testSubtract()[pri:0, instance:com.M10.tests.CalculatorServiceTest@dbf57b3]" started-at="2024-08-07T11:17:15 IST" name="testSubtract" finished-at="2024-08-07T11:17:15 IST" duration-ms="1" status="PASS">
          <reporter-output>
          </reporter-output>
        </test-method> <!-- testSubtract -->
      </class> <!-- com.M10.tests.CalculatorServiceTest -->
    </test> <!-- Default test -->
  </suite> <!-- Default suite -->
</testng-results>
